Using pre-set license
Built from '2020.3/release' branch; Version is '2020.3.12f1 (b3b2c6512326) revision 11776710'; Using compiler version '192528614'; Build Type 'Release'
OS: 'Windows 10 Home; OS build 19043.1202; Version 2009; 64bit' Language: 'tr' Physical Memory: 8081 MB
BatchMode: 1, IsHumanControllingUs: 0, StartBugReporterOnCrash: 0, Is64bit: 1, IsPro: 0

 COMMAND LINE ARGUMENTS:
C:\Program Files\Unity\Hub\Editor\2020.3.12f1\Editor\Unity.exe
-adb2
-batchMode
-noUpm
-name
AssetImportWorker0
-projectPath
D:/Projects/Unity/Treasure-Hunters/Treasure-Hunters
-logFile
Logs/AssetImportWorker0.log
-srvPort
58522
Successfully changed project path to: D:/Projects/Unity/Treasure-Hunters/Treasure-Hunters
D:/Projects/Unity/Treasure-Hunters/Treasure-Hunters
Using Asset Import Pipeline V2.
Refreshing native plugins compatible for Editor in 94.53 ms, found 3 plugins.
Preloading 0 native plugins for Editor in 0.00 ms.
Initialize engine version: 2020.3.12f1 (b3b2c6512326)
[Subsystems] Discovering subsystems at path C:/Program Files/Unity/Hub/Editor/2020.3.12f1/Editor/Data/Resources/UnitySubsystems
[Subsystems] Discovering subsystems at path D:/Projects/Unity/Treasure-Hunters/Treasure-Hunters/Assets
GfxDevice: creating device client; threaded=0
Direct3D:
    Version:  Direct3D 11.0 [level 11.1]
    Renderer: NVIDIA GeForce GTX 1050 Ti (ID=0x1c8c)
    Vendor:   
    VRAM:     4018 MB
    Driver:   30.0.14.7168
Initialize mono
Mono path[0] = 'C:/Program Files/Unity/Hub/Editor/2020.3.12f1/Editor/Data/Managed'
Mono path[1] = 'C:/Program Files/Unity/Hub/Editor/2020.3.12f1/Editor/Data/MonoBleedingEdge/lib/mono/unityjit'
Mono config path = 'C:/Program Files/Unity/Hub/Editor/2020.3.12f1/Editor/Data/MonoBleedingEdge/etc'
Using monoOptions --debugger-agent=transport=dt_socket,embedding=1,server=y,suspend=n,address=127.0.0.1:56648
Begin MonoManager ReloadAssembly
Registering precompiled unity dll's ...
Register platform support module: C:/Program Files/Unity/Hub/Editor/2020.3.12f1/Editor/Data/PlaybackEngines/WindowsStandaloneSupport/UnityEditor.WindowsStandalone.Extensions.dll
Registered in 0.003027 seconds.
Native extension for WindowsStandalone target not found
Refreshing native plugins compatible for Editor in 71.67 ms, found 3 plugins.
Preloading 0 native plugins for Editor in 0.00 ms.
Mono: successfully reloaded assembly
- Completed reload, in  4.885 seconds
Platform modules already initialized, skipping
Registering precompiled user dll's ...
Registered in 0.014402 seconds.
Begin MonoManager ReloadAssembly
Native extension for WindowsStandalone target not found
Refreshing native plugins compatible for Editor in 61.10 ms, found 3 plugins.
Preloading 0 native plugins for Editor in 0.00 ms.
Mono: successfully reloaded assembly
- Completed reload, in  1.337 seconds
Platform modules already initialized, skipping
========================================================================
Worker process is ready to serve import requests
Launched and connected shader compiler UnityShaderCompiler.exe after 0.07 seconds
Refreshing native plugins compatible for Editor in 0.64 ms, found 3 plugins.
Preloading 0 native plugins for Editor in 0.00 ms.
Unloading 2569 Unused Serialized files (Serialized files now loaded: 0)
System memory in use before: 111.9 MB.
System memory in use after: 112.1 MB.

Unloading 30 unused Assets to reduce memory usage. Loaded Objects now: 3009.
Total: 2.602200 ms (FindLiveObjects: 0.240000 ms CreateObjectMapping: 0.087500 ms MarkObjects: 2.244800 ms  DeleteObjects: 0.028800 ms)

AssetImportParameters requested are different than current active one (requested -> active):
  custom:framework-win-MediaFoundation: 216162199b28c13a410421893ffa2e32 -> 
  custom:video-decoder-ogg-theora: a1e56fd34408186e4bbccfd4996cb3dc -> 
  custom:container-muxer-webm: aa71ff27fc2769a1b78a27578f13a17b -> 
  custom:container-demuxer-webm: 4f35f7cbe854078d1ac9338744f61a02 -> 
  custom:container-demuxer-ogg: 62fdf1f143b41e24485cea50d1cbac27 -> 
  custom:video-encoder-webm-vp8: eb34c28f22e8b96e1ab97ce403110664 -> 
  custom:video-decoder-webm-vp8: 9c59270c3fd7afecdb556c50c9e8de78 -> 
  custom:audio-decoder-ogg-vorbis: bf7c407c2cedff20999df2af8eb42d56 -> 
  custom:audio-encoder-webm-vorbis: bf7c407c2cedff20999df2af8eb42d56 -> 
========================================================================
Received Import Request.
  path: Assets/Scripts/Enemy/Enemies/Crabby/Crabby_EntityScript.cs
  artifactKey: Guid(a79eed93e419e3e48be585952cfb905c) Importer(815301076,1909f56bfc062723c751e8b465ee728b)
Start importing Assets/Scripts/Enemy/Enemies/Crabby/Crabby_EntityScript.cs using Guid(a79eed93e419e3e48be585952cfb905c) Importer(815301076,1909f56bfc062723c751e8b465ee728b)  -> (artifact id: 'f056b5391f6a7994f9d85f14340b1de6') in 0.036179 seconds 
  Import took 0.041043 seconds .

========================================================================
Received Import Request.
  Time since last request: 56.530815 seconds.
  path: Assets/Scripts/Enemy/Enemies/Crabby/Crabby_EntityScript.cs
  artifactKey: Guid(a79eed93e419e3e48be585952cfb905c) Importer(815301076,1909f56bfc062723c751e8b465ee728b)
Start importing Assets/Scripts/Enemy/Enemies/Crabby/Crabby_EntityScript.cs using Guid(a79eed93e419e3e48be585952cfb905c) Importer(815301076,1909f56bfc062723c751e8b465ee728b)  -> (artifact id: '7f6dc52e3d6d29c3cfd35afeea08e222') in 0.003306 seconds 
  Import took 0.013519 seconds .

========================================================================
Received Import Request.
  Time since last request: 0.002253 seconds.
  path: Assets/Scripts/Enemy/Enemies/Crabby/Crabby_EntityScript.cs
  artifactKey: Guid(a79eed93e419e3e48be585952cfb905c) Importer(815301076,1909f56bfc062723c751e8b465ee728b)
Start importing Assets/Scripts/Enemy/Enemies/Crabby/Crabby_EntityScript.cs using Guid(a79eed93e419e3e48be585952cfb905c) Importer(815301076,1909f56bfc062723c751e8b465ee728b)  -> (artifact id: '7f6dc52e3d6d29c3cfd35afeea08e222') in 0.004747 seconds 
  Import took 0.013104 seconds .

========================================================================
Received Import Request.
  Time since last request: 2.752933 seconds.
  path: Assets/Scripts/Enemy/Enemies/Crabby/Crabby_EntityScript.cs
  artifactKey: Guid(a79eed93e419e3e48be585952cfb905c) Importer(815301076,1909f56bfc062723c751e8b465ee728b)
Start importing Assets/Scripts/Enemy/Enemies/Crabby/Crabby_EntityScript.cs using Guid(a79eed93e419e3e48be585952cfb905c) Importer(815301076,1909f56bfc062723c751e8b465ee728b)  -> (artifact id: '52e19ba0d45845477b14319b23c85c2b') in 0.005449 seconds 
  Import took 0.013510 seconds .

========================================================================
Received Import Request.
  Time since last request: 78.493876 seconds.
  path: Assets/Scripts/Enemy/EnemyScript.cs
  artifactKey: Guid(634f72715a3d0ff4eafb67cec0f2434c) Importer(815301076,1909f56bfc062723c751e8b465ee728b)
Start importing Assets/Scripts/Enemy/EnemyScript.cs using Guid(634f72715a3d0ff4eafb67cec0f2434c) Importer(815301076,1909f56bfc062723c751e8b465ee728b)  -> (artifact id: '96edeffdc6594329cf3be038d8c06b3a') in 0.006678 seconds 
  Import took 0.016374 seconds .

========================================================================
Received Import Request.
  Time since last request: 59.127013 seconds.
  path: Assets/Scripts/Enemy/EnemyScript.cs
  artifactKey: Guid(634f72715a3d0ff4eafb67cec0f2434c) Importer(815301076,1909f56bfc062723c751e8b465ee728b)
Start importing Assets/Scripts/Enemy/EnemyScript.cs using Guid(634f72715a3d0ff4eafb67cec0f2434c) Importer(815301076,1909f56bfc062723c751e8b465ee728b)  -> (artifact id: 'df66ab4486ec771e32927eeea4b828a4') in 0.002688 seconds 
  Import took 0.010682 seconds .

========================================================================
Received Import Request.
  Time since last request: 0.002599 seconds.
  path: Assets/Scripts/Enemy/EnemyScript.cs
  artifactKey: Guid(634f72715a3d0ff4eafb67cec0f2434c) Importer(815301076,1909f56bfc062723c751e8b465ee728b)
Start importing Assets/Scripts/Enemy/EnemyScript.cs using Guid(634f72715a3d0ff4eafb67cec0f2434c) Importer(815301076,1909f56bfc062723c751e8b465ee728b)  -> (artifact id: 'df66ab4486ec771e32927eeea4b828a4') in 0.003585 seconds 
  Import took 0.010225 seconds .

========================================================================
Received Import Request.
  Time since last request: 10.235613 seconds.
  path: Assets/Scripts/Enemy/EnemyScript.cs
  artifactKey: Guid(634f72715a3d0ff4eafb67cec0f2434c) Importer(815301076,1909f56bfc062723c751e8b465ee728b)
Start importing Assets/Scripts/Enemy/EnemyScript.cs using Guid(634f72715a3d0ff4eafb67cec0f2434c) Importer(815301076,1909f56bfc062723c751e8b465ee728b)  -> (artifact id: '52b29a913db41cbb48a7eef444bfcc8e') in 0.004135 seconds 
  Import took 0.011312 seconds .

========================================================================
Received Import Request.
  Time since last request: 4.287285 seconds.
  path: Assets/Scripts/Enemy/EnemyScript.cs
  artifactKey: Guid(634f72715a3d0ff4eafb67cec0f2434c) Importer(815301076,1909f56bfc062723c751e8b465ee728b)
Start importing Assets/Scripts/Enemy/EnemyScript.cs using Guid(634f72715a3d0ff4eafb67cec0f2434c) Importer(815301076,1909f56bfc062723c751e8b465ee728b)  -> (artifact id: '747a9fa0ed5c0ac8d9a9309f1e376bf9') in 0.005523 seconds 
  Import took 0.014118 seconds .

========================================================================
Received Import Request.
  Time since last request: 0.006153 seconds.
  path: Assets/Scripts/Enemy/EnemyScript.cs
  artifactKey: Guid(634f72715a3d0ff4eafb67cec0f2434c) Importer(815301076,1909f56bfc062723c751e8b465ee728b)
Start importing Assets/Scripts/Enemy/EnemyScript.cs using Guid(634f72715a3d0ff4eafb67cec0f2434c) Importer(815301076,1909f56bfc062723c751e8b465ee728b)  -> (artifact id: '747a9fa0ed5c0ac8d9a9309f1e376bf9') in 0.005956 seconds 
  Import took 0.018280 seconds .

========================================================================
Received Import Request.
  Time since last request: 14.392667 seconds.
  path: Assets/Scripts/Enemy/EnemyScript.cs
  artifactKey: Guid(634f72715a3d0ff4eafb67cec0f2434c) Importer(815301076,1909f56bfc062723c751e8b465ee728b)
Start importing Assets/Scripts/Enemy/EnemyScript.cs using Guid(634f72715a3d0ff4eafb67cec0f2434c) Importer(815301076,1909f56bfc062723c751e8b465ee728b)  -> (artifact id: 'c2df4aad8d988ef758f8cf3b41356f2e') in 0.002216 seconds 
  Import took 0.011008 seconds .

========================================================================
Received Import Request.
  Time since last request: 0.002625 seconds.
  path: Assets/Scripts/Enemy/EnemyScript.cs
  artifactKey: Guid(634f72715a3d0ff4eafb67cec0f2434c) Importer(815301076,1909f56bfc062723c751e8b465ee728b)
Start importing Assets/Scripts/Enemy/EnemyScript.cs using Guid(634f72715a3d0ff4eafb67cec0f2434c) Importer(815301076,1909f56bfc062723c751e8b465ee728b)  -> (artifact id: 'c2df4aad8d988ef758f8cf3b41356f2e') in 0.003592 seconds 
  Import took 0.013879 seconds .

========================================================================
Received Import Request.
  Time since last request: 2.120657 seconds.
  path: Assets/Scripts/Enemy/EnemyScript.cs
  artifactKey: Guid(634f72715a3d0ff4eafb67cec0f2434c) Importer(815301076,1909f56bfc062723c751e8b465ee728b)
Start importing Assets/Scripts/Enemy/EnemyScript.cs using Guid(634f72715a3d0ff4eafb67cec0f2434c) Importer(815301076,1909f56bfc062723c751e8b465ee728b)  -> (artifact id: 'faca7598fe5695314860c83e3e964c2a') in 0.002771 seconds 
  Import took 0.009992 seconds .

========================================================================
Received Import Request.
  Time since last request: 0.001442 seconds.
  path: Assets/Scripts/Enemy/EnemyScript.cs
  artifactKey: Guid(634f72715a3d0ff4eafb67cec0f2434c) Importer(815301076,1909f56bfc062723c751e8b465ee728b)
Start importing Assets/Scripts/Enemy/EnemyScript.cs using Guid(634f72715a3d0ff4eafb67cec0f2434c) Importer(815301076,1909f56bfc062723c751e8b465ee728b)  -> (artifact id: 'faca7598fe5695314860c83e3e964c2a') in 0.002715 seconds 
  Import took 0.007286 seconds .

========================================================================
Received Import Request.
  Time since last request: 163.344165 seconds.
  path: Assets/Scripts/Enemy/EnemyScript.cs
  artifactKey: Guid(634f72715a3d0ff4eafb67cec0f2434c) Importer(815301076,1909f56bfc062723c751e8b465ee728b)
Start importing Assets/Scripts/Enemy/EnemyScript.cs using Guid(634f72715a3d0ff4eafb67cec0f2434c) Importer(815301076,1909f56bfc062723c751e8b465ee728b)  -> (artifact id: 'a9e13baff02bf4518162aaf7631a8674') in 0.002370 seconds 
  Import took 0.009385 seconds .

========================================================================
Received Import Request.
  Time since last request: 86.272427 seconds.
  path: Assets/Scripts/Enemy/EnemyScript.cs
  artifactKey: Guid(634f72715a3d0ff4eafb67cec0f2434c) Importer(815301076,1909f56bfc062723c751e8b465ee728b)
Start importing Assets/Scripts/Enemy/EnemyScript.cs using Guid(634f72715a3d0ff4eafb67cec0f2434c) Importer(815301076,1909f56bfc062723c751e8b465ee728b)  -> (artifact id: 'd16334351c7f82e40c3c7d0a40c66b57') in 0.007114 seconds 
  Import took 0.018490 seconds .

========================================================================
Received Import Request.
  Time since last request: 114.041856 seconds.
  path: Assets/Scripts/Enemy/EnemyScript.cs
  artifactKey: Guid(634f72715a3d0ff4eafb67cec0f2434c) Importer(815301076,1909f56bfc062723c751e8b465ee728b)
Start importing Assets/Scripts/Enemy/EnemyScript.cs using Guid(634f72715a3d0ff4eafb67cec0f2434c) Importer(815301076,1909f56bfc062723c751e8b465ee728b)  -> (artifact id: '13a36cf4765f03ad5a52e233f56e4822') in 0.002258 seconds 
  Import took 0.009983 seconds .

========================================================================
Received Import Request.
  Time since last request: 1.601106 seconds.
  path: Assets/Scripts/Enemy/EnemyScript.cs
  artifactKey: Guid(634f72715a3d0ff4eafb67cec0f2434c) Importer(815301076,1909f56bfc062723c751e8b465ee728b)
Start importing Assets/Scripts/Enemy/EnemyScript.cs using Guid(634f72715a3d0ff4eafb67cec0f2434c) Importer(815301076,1909f56bfc062723c751e8b465ee728b)  -> (artifact id: '9827b431fe2ce60046ebb4013106bd08') in 0.002665 seconds 
  Import took 0.010356 seconds .

========================================================================
Received Import Request.
  Time since last request: 231.882420 seconds.
  path: Assets/Scripts/Enemy/EnemyScript.cs
  artifactKey: Guid(634f72715a3d0ff4eafb67cec0f2434c) Importer(815301076,1909f56bfc062723c751e8b465ee728b)
Start importing Assets/Scripts/Enemy/EnemyScript.cs using Guid(634f72715a3d0ff4eafb67cec0f2434c) Importer(815301076,1909f56bfc062723c751e8b465ee728b)  -> (artifact id: '0d2aebcff33011417ef5fe1df7e2cbdc') in 0.002545 seconds 
  Import took 0.014614 seconds .

========================================================================
Received Prepare
Registering precompiled user dll's ...
Registered in 0.004479 seconds.
Begin MonoManager ReloadAssembly
Native extension for WindowsStandalone target not found
Refreshing native plugins compatible for Editor in 0.72 ms, found 3 plugins.
Preloading 0 native plugins for Editor in 0.00 ms.
Mono: successfully reloaded assembly
- Completed reload, in  1.254 seconds
Platform modules already initialized, skipping
Refreshing native plugins compatible for Editor in 0.69 ms, found 3 plugins.
Preloading 0 native plugins for Editor in 0.00 ms.
Unloading 2557 Unused Serialized files (Serialized files now loaded: 0)
System memory in use before: 111.6 MB.
System memory in use after: 111.8 MB.

Unloading 17 unused Assets to reduce memory usage. Loaded Objects now: 3012.
Total: 2.652900 ms (FindLiveObjects: 0.250800 ms CreateObjectMapping: 0.087900 ms MarkObjects: 2.289000 ms  DeleteObjects: 0.024300 ms)

AssetImportParameters requested are different than current active one (requested -> active):
  custom:framework-win-MediaFoundation: 216162199b28c13a410421893ffa2e32 -> 
  custom:video-decoder-ogg-theora: a1e56fd34408186e4bbccfd4996cb3dc -> 
  custom:container-muxer-webm: aa71ff27fc2769a1b78a27578f13a17b -> 
  custom:container-demuxer-webm: 4f35f7cbe854078d1ac9338744f61a02 -> 
  custom:container-demuxer-ogg: 62fdf1f143b41e24485cea50d1cbac27 -> 
  custom:video-encoder-webm-vp8: eb34c28f22e8b96e1ab97ce403110664 -> 
  custom:video-decoder-webm-vp8: 9c59270c3fd7afecdb556c50c9e8de78 -> 
  custom:audio-decoder-ogg-vorbis: bf7c407c2cedff20999df2af8eb42d56 -> 
  custom:audio-encoder-webm-vorbis: bf7c407c2cedff20999df2af8eb42d56 -> 
========================================================================
Received Prepare
Registering precompiled user dll's ...
Registered in 0.003390 seconds.
Begin MonoManager ReloadAssembly
Native extension for WindowsStandalone target not found
Refreshing native plugins compatible for Editor in 0.76 ms, found 3 plugins.
Preloading 0 native plugins for Editor in 0.00 ms.
Mono: successfully reloaded assembly
- Completed reload, in  1.239 seconds
Platform modules already initialized, skipping
Refreshing native plugins compatible for Editor in 0.67 ms, found 3 plugins.
Preloading 0 native plugins for Editor in 0.00 ms.
Unloading 2557 Unused Serialized files (Serialized files now loaded: 0)
System memory in use before: 111.6 MB.
System memory in use after: 111.8 MB.

Unloading 17 unused Assets to reduce memory usage. Loaded Objects now: 3015.
Total: 2.819200 ms (FindLiveObjects: 0.232400 ms CreateObjectMapping: 0.117200 ms MarkObjects: 2.425500 ms  DeleteObjects: 0.043200 ms)

AssetImportParameters requested are different than current active one (requested -> active):
  custom:framework-win-MediaFoundation: 216162199b28c13a410421893ffa2e32 -> 
  custom:video-decoder-ogg-theora: a1e56fd34408186e4bbccfd4996cb3dc -> 
  custom:container-muxer-webm: aa71ff27fc2769a1b78a27578f13a17b -> 
  custom:container-demuxer-webm: 4f35f7cbe854078d1ac9338744f61a02 -> 
  custom:container-demuxer-ogg: 62fdf1f143b41e24485cea50d1cbac27 -> 
  custom:video-encoder-webm-vp8: eb34c28f22e8b96e1ab97ce403110664 -> 
  custom:video-decoder-webm-vp8: 9c59270c3fd7afecdb556c50c9e8de78 -> 
  custom:audio-decoder-ogg-vorbis: bf7c407c2cedff20999df2af8eb42d56 -> 
  custom:audio-encoder-webm-vorbis: bf7c407c2cedff20999df2af8eb42d56 -> 
========================================================================
Received Prepare
Registering precompiled user dll's ...
Registered in 0.003655 seconds.
Begin MonoManager ReloadAssembly
Native extension for WindowsStandalone target not found
Refreshing native plugins compatible for Editor in 0.67 ms, found 3 plugins.
Preloading 0 native plugins for Editor in 0.00 ms.
Mono: successfully reloaded assembly
- Completed reload, in  1.323 seconds
Platform modules already initialized, skipping
Refreshing native plugins compatible for Editor in 0.70 ms, found 3 plugins.
Preloading 0 native plugins for Editor in 0.00 ms.
Unloading 2557 Unused Serialized files (Serialized files now loaded: 0)
System memory in use before: 111.6 MB.
System memory in use after: 111.9 MB.

Unloading 17 unused Assets to reduce memory usage. Loaded Objects now: 3018.
Total: 2.355900 ms (FindLiveObjects: 0.230900 ms CreateObjectMapping: 0.119600 ms MarkObjects: 1.985500 ms  DeleteObjects: 0.019100 ms)

AssetImportParameters requested are different than current active one (requested -> active):
  custom:framework-win-MediaFoundation: 216162199b28c13a410421893ffa2e32 -> 
  custom:video-decoder-ogg-theora: a1e56fd34408186e4bbccfd4996cb3dc -> 
  custom:container-muxer-webm: aa71ff27fc2769a1b78a27578f13a17b -> 
  custom:container-demuxer-webm: 4f35f7cbe854078d1ac9338744f61a02 -> 
  custom:container-demuxer-ogg: 62fdf1f143b41e24485cea50d1cbac27 -> 
  custom:video-encoder-webm-vp8: eb34c28f22e8b96e1ab97ce403110664 -> 
  custom:video-decoder-webm-vp8: 9c59270c3fd7afecdb556c50c9e8de78 -> 
  custom:audio-decoder-ogg-vorbis: bf7c407c2cedff20999df2af8eb42d56 -> 
  custom:audio-encoder-webm-vorbis: bf7c407c2cedff20999df2af8eb42d56 -> 
========================================================================
Received Prepare
Registering precompiled user dll's ...
Registered in 0.003167 seconds.
Begin MonoManager ReloadAssembly
Native extension for WindowsStandalone target not found
Refreshing native plugins compatible for Editor in 0.71 ms, found 3 plugins.
Preloading 0 native plugins for Editor in 0.00 ms.
Mono: successfully reloaded assembly
- Completed reload, in  1.220 seconds
Platform modules already initialized, skipping
Refreshing native plugins compatible for Editor in 0.80 ms, found 3 plugins.
Preloading 0 native plugins for Editor in 0.00 ms.
Unloading 2557 Unused Serialized files (Serialized files now loaded: 0)
System memory in use before: 111.7 MB.
System memory in use after: 111.9 MB.

Unloading 17 unused Assets to reduce memory usage. Loaded Objects now: 3021.
Total: 2.793700 ms (FindLiveObjects: 0.267600 ms CreateObjectMapping: 0.126500 ms MarkObjects: 2.374400 ms  DeleteObjects: 0.024000 ms)

AssetImportParameters requested are different than current active one (requested -> active):
  custom:framework-win-MediaFoundation: 216162199b28c13a410421893ffa2e32 -> 
  custom:video-decoder-ogg-theora: a1e56fd34408186e4bbccfd4996cb3dc -> 
  custom:container-muxer-webm: aa71ff27fc2769a1b78a27578f13a17b -> 
  custom:container-demuxer-webm: 4f35f7cbe854078d1ac9338744f61a02 -> 
  custom:container-demuxer-ogg: 62fdf1f143b41e24485cea50d1cbac27 -> 
  custom:video-encoder-webm-vp8: eb34c28f22e8b96e1ab97ce403110664 -> 
  custom:video-decoder-webm-vp8: 9c59270c3fd7afecdb556c50c9e8de78 -> 
  custom:audio-decoder-ogg-vorbis: bf7c407c2cedff20999df2af8eb42d56 -> 
  custom:audio-encoder-webm-vorbis: bf7c407c2cedff20999df2af8eb42d56 -> 
========================================================================
Received Import Request.
  Time since last request: 1218.051588 seconds.
  path: Assets/Scripts/Enemy/Data/EnemyData.cs
  artifactKey: Guid(b1d88b0e29e52ec469f895ddaea4fe96) Importer(815301076,1909f56bfc062723c751e8b465ee728b)
Start importing Assets/Scripts/Enemy/Data/EnemyData.cs using Guid(b1d88b0e29e52ec469f895ddaea4fe96) Importer(815301076,1909f56bfc062723c751e8b465ee728b)  -> (artifact id: 'ac4f48332c68c06d7126b8197886091f') in 0.009143 seconds 
  Import took 0.014063 seconds .

========================================================================
Received Import Request.
  Time since last request: 228.272615 seconds.
  path: Assets/Treasure Hunters/Shooter Traps/Sprites/Seashell/Seashell Hit
  artifactKey: Guid(3e96eecfd5b276d4e9d2983b970ae8a3) Importer(815301076,1909f56bfc062723c751e8b465ee728b)
Start importing Assets/Treasure Hunters/Shooter Traps/Sprites/Seashell/Seashell Hit using Guid(3e96eecfd5b276d4e9d2983b970ae8a3) Importer(815301076,1909f56bfc062723c751e8b465ee728b)  -> (artifact id: '4ab2680bc1ee34483a87baa5297329f9') in 0.011436 seconds 
  Import took 0.017820 seconds .

========================================================================
Received Import Request.
  Time since last request: 0.053721 seconds.
  path: Assets/Treasure Hunters/Shooter Traps/Sprites/Seashell/Seashell Hit/1.png
  artifactKey: Guid(9dee4f3509fceee439a9f1f60ebe9cd3) Importer(815301076,1909f56bfc062723c751e8b465ee728b)
Start importing Assets/Treasure Hunters/Shooter Traps/Sprites/Seashell/Seashell Hit/1.png using Guid(9dee4f3509fceee439a9f1f60ebe9cd3) Importer(815301076,1909f56bfc062723c751e8b465ee728b)  -> (artifact id: 'f9574ee811d4881e8494826cb2647a34') in 0.116399 seconds 
  Import took 0.121221 seconds .

========================================================================
Received Import Request.
  Time since last request: 0.000347 seconds.
  path: Assets/Treasure Hunters/Shooter Traps/Sprites/Seashell/Seashell Hit/2.png
  artifactKey: Guid(d61eac44487e39344bc9c0fb7944e12a) Importer(815301076,1909f56bfc062723c751e8b465ee728b)
Start importing Assets/Treasure Hunters/Shooter Traps/Sprites/Seashell/Seashell Hit/2.png using Guid(d61eac44487e39344bc9c0fb7944e12a) Importer(815301076,1909f56bfc062723c751e8b465ee728b)  -> (artifact id: 'c8fc069b65f44c39de91f4519b37deff') in 0.018489 seconds 
  Import took 0.023864 seconds .

========================================================================
Received Import Request.
  Time since last request: 0.000322 seconds.
  path: Assets/Treasure Hunters/Shooter Traps/Sprites/Seashell/Seashell Hit/4.png
  artifactKey: Guid(7c81f3181b6c5f644a50115636199aba) Importer(815301076,1909f56bfc062723c751e8b465ee728b)
Start importing Assets/Treasure Hunters/Shooter Traps/Sprites/Seashell/Seashell Hit/4.png using Guid(7c81f3181b6c5f644a50115636199aba) Importer(815301076,1909f56bfc062723c751e8b465ee728b)  -> (artifact id: '8d64aa40d370398b5095b8908f700097') in 0.018583 seconds 
  Import took 0.024261 seconds .

========================================================================
Received Import Request.
  Time since last request: 0.000300 seconds.
  path: Assets/Treasure Hunters/Shooter Traps/Sprites/Seashell/Seashell Hit/3.png
  artifactKey: Guid(61faa94d80f80294985dacf4c6937f80) Importer(815301076,1909f56bfc062723c751e8b465ee728b)
Start importing Assets/Treasure Hunters/Shooter Traps/Sprites/Seashell/Seashell Hit/3.png using Guid(61faa94d80f80294985dacf4c6937f80) Importer(815301076,1909f56bfc062723c751e8b465ee728b)  -> (artifact id: '0cb588a2ef7f3950399313d95851c07d') in 0.017506 seconds 
  Import took 0.023930 seconds .

========================================================================
Received Import Request.
  Time since last request: 20.674519 seconds.
  path: Assets/Treasure Hunters/Shooter Traps/Sprites/Seashell/Seashell Fire/1.png
  artifactKey: Guid(04f7b19d1f7fb3544b23f2ab18621d01) Importer(815301076,1909f56bfc062723c751e8b465ee728b)
Start importing Assets/Treasure Hunters/Shooter Traps/Sprites/Seashell/Seashell Fire/1.png using Guid(04f7b19d1f7fb3544b23f2ab18621d01) Importer(815301076,1909f56bfc062723c751e8b465ee728b)  -> (artifact id: '9414a2fc2d8620c73d1f569c3a7e9a6f') in 0.007739 seconds 
  Import took 0.013846 seconds .

========================================================================
Received Import Request.
  Time since last request: 0.000289 seconds.
  path: Assets/Treasure Hunters/Shooter Traps/Sprites/Seashell/Seashell Fire/3.png
  artifactKey: Guid(ea18f90499f93b342a61469b099942e8) Importer(815301076,1909f56bfc062723c751e8b465ee728b)
Start importing Assets/Treasure Hunters/Shooter Traps/Sprites/Seashell/Seashell Fire/3.png using Guid(ea18f90499f93b342a61469b099942e8) Importer(815301076,1909f56bfc062723c751e8b465ee728b)  -> (artifact id: '48892a9187bb46a6ec9296d864838a7f') in 0.012512 seconds 
  Import took 0.017786 seconds .

========================================================================
Received Import Request.
  Time since last request: 0.000407 seconds.
  path: Assets/Treasure Hunters/Shooter Traps/Sprites/Seashell/Seashell Fire/6.png
  artifactKey: Guid(c259b68f5bf819b42b4aefb5c8bc2421) Importer(815301076,1909f56bfc062723c751e8b465ee728b)
Start importing Assets/Treasure Hunters/Shooter Traps/Sprites/Seashell/Seashell Fire/6.png using Guid(c259b68f5bf819b42b4aefb5c8bc2421) Importer(815301076,1909f56bfc062723c751e8b465ee728b)  -> (artifact id: '16c25965ac6ef75cbe872d18a7650751') in 0.012680 seconds 
  Import took 0.017821 seconds .

========================================================================
Received Import Request.
  Time since last request: 0.000238 seconds.
  path: Assets/Treasure Hunters/Shooter Traps/Sprites/Seashell/Seashell Fire/5.png
  artifactKey: Guid(ec6f8ad845a8fe54c91000961ea64b17) Importer(815301076,1909f56bfc062723c751e8b465ee728b)
Start importing Assets/Treasure Hunters/Shooter Traps/Sprites/Seashell/Seashell Fire/5.png using Guid(ec6f8ad845a8fe54c91000961ea64b17) Importer(815301076,1909f56bfc062723c751e8b465ee728b)  -> (artifact id: '7079571f6b606a5c75efaaf08b168097') in 0.016178 seconds 
  Import took 0.021951 seconds .

========================================================================
Received Import Request.
  Time since last request: 0.000332 seconds.
  path: Assets/Treasure Hunters/Shooter Traps/Sprites/Seashell/Seashell Fire/4.png
  artifactKey: Guid(e0bf5c3ed94cda6448527216e5880982) Importer(815301076,1909f56bfc062723c751e8b465ee728b)
Start importing Assets/Treasure Hunters/Shooter Traps/Sprites/Seashell/Seashell Fire/4.png using Guid(e0bf5c3ed94cda6448527216e5880982) Importer(815301076,1909f56bfc062723c751e8b465ee728b)  -> (artifact id: '040f21a636bdb7a00b3e9a4a56b9a807') in 0.009240 seconds 
  Import took 0.014535 seconds .

========================================================================
Received Import Request.
  Time since last request: 0.000290 seconds.
  path: Assets/Treasure Hunters/Shooter Traps/Sprites/Seashell/Seashell Fire/2.png
  artifactKey: Guid(2bfd491a0b8b6fa4c8e395e323d5640c) Importer(815301076,1909f56bfc062723c751e8b465ee728b)
Start importing Assets/Treasure Hunters/Shooter Traps/Sprites/Seashell/Seashell Fire/2.png using Guid(2bfd491a0b8b6fa4c8e395e323d5640c) Importer(815301076,1909f56bfc062723c751e8b465ee728b)  -> (artifact id: '719860f53c207340b090eb9b5cb350c2') in 0.009574 seconds 
  Import took 0.015022 seconds .

========================================================================
Received Import Request.
  Time since last request: 0.000365 seconds.
  path: Assets/Treasure Hunters/Shooter Traps/Sprites/Seashell/Seashell Fire/4.png
  artifactKey: Guid(e0bf5c3ed94cda6448527216e5880982) Importer(815301076,1909f56bfc062723c751e8b465ee728b)
Start importing Assets/Treasure Hunters/Shooter Traps/Sprites/Seashell/Seashell Fire/4.png using Guid(e0bf5c3ed94cda6448527216e5880982) Importer(815301076,1909f56bfc062723c751e8b465ee728b)  -> (artifact id: '040f21a636bdb7a00b3e9a4a56b9a807') in 0.014660 seconds 
  Import took 0.020762 seconds .

========================================================================
Received Import Request.
  Time since last request: 10.957959 seconds.
  path: Assets/Treasure Hunters/Shooter Traps/Sprites/Seashell/Seashell Destroyed/1.png
  artifactKey: Guid(6e978574794bca1419bfacf1499cecce) Importer(815301076,1909f56bfc062723c751e8b465ee728b)
Start importing Assets/Treasure Hunters/Shooter Traps/Sprites/Seashell/Seashell Destroyed/1.png using Guid(6e978574794bca1419bfacf1499cecce) Importer(815301076,1909f56bfc062723c751e8b465ee728b)  -> (artifact id: 'e5ac3c5b151fe195a0869f663af70bdd') in 0.007260 seconds 
  Import took 0.013271 seconds .

========================================================================
Received Import Request.
  Time since last request: 0.000292 seconds.
  path: Assets/Treasure Hunters/Shooter Traps/Sprites/Seashell/Seashell Destroyed/4.png
  artifactKey: Guid(1583239c083460340b61ace7e8243363) Importer(815301076,1909f56bfc062723c751e8b465ee728b)
Start importing Assets/Treasure Hunters/Shooter Traps/Sprites/Seashell/Seashell Destroyed/4.png using Guid(1583239c083460340b61ace7e8243363) Importer(815301076,1909f56bfc062723c751e8b465ee728b)  -> (artifact id: 'ebd505a1d25cc94f663c92d53ecbe2f5') in 0.024085 seconds 
  Import took 0.029433 seconds .

========================================================================
Received Import Request.
  Time since last request: 0.000310 seconds.
  path: Assets/Treasure Hunters/Shooter Traps/Sprites/Seashell/Seashell Destroyed/2.png
  artifactKey: Guid(273450a94e5dd574ea5f6cd6f08bbfd7) Importer(815301076,1909f56bfc062723c751e8b465ee728b)
Start importing Assets/Treasure Hunters/Shooter Traps/Sprites/Seashell/Seashell Destroyed/2.png using Guid(273450a94e5dd574ea5f6cd6f08bbfd7) Importer(815301076,1909f56bfc062723c751e8b465ee728b)  -> (artifact id: '5c64447ed2a35e4abe6ea27327084822') in 0.014664 seconds 
  Import took 0.019889 seconds .

========================================================================
Received Import Request.
  Time since last request: 0.000313 seconds.
  path: Assets/Treasure Hunters/Shooter Traps/Sprites/Seashell/Seashell Destroyed/3.png
  artifactKey: Guid(76a566eaa33e6694da2d6be215e408b5) Importer(815301076,1909f56bfc062723c751e8b465ee728b)
Start importing Assets/Treasure Hunters/Shooter Traps/Sprites/Seashell/Seashell Destroyed/3.png using Guid(76a566eaa33e6694da2d6be215e408b5) Importer(815301076,1909f56bfc062723c751e8b465ee728b)  -> (artifact id: '04e8399e8e75bb8d88bbd08819dfbe29') in 0.010975 seconds 
  Import took 0.016084 seconds .

========================================================================
Received Import Request.
  Time since last request: 0.000315 seconds.
  path: Assets/Treasure Hunters/Shooter Traps/Sprites/Seashell/Seashell Destroyed/5.png
  artifactKey: Guid(61923c1cecfb495409dfffff104c381d) Importer(815301076,1909f56bfc062723c751e8b465ee728b)
Start importing Assets/Treasure Hunters/Shooter Traps/Sprites/Seashell/Seashell Destroyed/5.png using Guid(61923c1cecfb495409dfffff104c381d) Importer(815301076,1909f56bfc062723c751e8b465ee728b)  -> (artifact id: 'a67cbf901c00f8888d3139e1711469ec') in 0.012210 seconds 
  Import took 0.017084 seconds .

========================================================================
Received Import Request.
  Time since last request: 663.806065 seconds.
  path: Assets/Treasure Hunters/Shooter Traps/Sprites/Seashell/Seashell Hit/1.png
  artifactKey: Guid(9dee4f3509fceee439a9f1f60ebe9cd3) Importer(815301076,1909f56bfc062723c751e8b465ee728b)
Start importing Assets/Treasure Hunters/Shooter Traps/Sprites/Seashell/Seashell Hit/1.png using Guid(9dee4f3509fceee439a9f1f60ebe9cd3) Importer(815301076,1909f56bfc062723c751e8b465ee728b)  -> (artifact id: '32c1f6989598a44908d986978d2f7359') in 0.010605 seconds 
  Import took 0.018969 seconds .

========================================================================
Received Import Request.
  Time since last request: 0.000291 seconds.
  path: Assets/Treasure Hunters/Shooter Traps/Sprites/Seashell/Seashell Hit/2.png
  artifactKey: Guid(d61eac44487e39344bc9c0fb7944e12a) Importer(815301076,1909f56bfc062723c751e8b465ee728b)
Start importing Assets/Treasure Hunters/Shooter Traps/Sprites/Seashell/Seashell Hit/2.png using Guid(d61eac44487e39344bc9c0fb7944e12a) Importer(815301076,1909f56bfc062723c751e8b465ee728b)  -> (artifact id: 'f1eecf2bfe80cfc4dbb565c44912a230') in 0.009545 seconds 
  Import took 0.018881 seconds .

========================================================================
Received Import Request.
  Time since last request: 0.000211 seconds.
  path: Assets/Treasure Hunters/Shooter Traps/Sprites/Seashell/Seashell Hit/4.png
  artifactKey: Guid(7c81f3181b6c5f644a50115636199aba) Importer(815301076,1909f56bfc062723c751e8b465ee728b)
Start importing Assets/Treasure Hunters/Shooter Traps/Sprites/Seashell/Seashell Hit/4.png using Guid(7c81f3181b6c5f644a50115636199aba) Importer(815301076,1909f56bfc062723c751e8b465ee728b)  -> (artifact id: '5052fbccb2f8af4c0568142b2f2b5e45') in 0.009209 seconds 
  Import took 0.018074 seconds .

========================================================================
Received Import Request.
  Time since last request: 0.000280 seconds.
  path: Assets/Treasure Hunters/Shooter Traps/Sprites/Seashell/Seashell Hit/3.png
  artifactKey: Guid(61faa94d80f80294985dacf4c6937f80) Importer(815301076,1909f56bfc062723c751e8b465ee728b)
Start importing Assets/Treasure Hunters/Shooter Traps/Sprites/Seashell/Seashell Hit/3.png using Guid(61faa94d80f80294985dacf4c6937f80) Importer(815301076,1909f56bfc062723c751e8b465ee728b)  -> (artifact id: 'a4ae434ceb0003081aeee2592665a7d4') in 0.015083 seconds 
  Import took 0.022349 seconds .

========================================================================
Received Import Request.
  Time since last request: 235.471587 seconds.
  path: Assets/Animations/Enemies/Seashell
  artifactKey: Guid(8757443507c491f4da1257a47feb8f9f) Importer(815301076,1909f56bfc062723c751e8b465ee728b)
Start importing Assets/Animations/Enemies/Seashell using Guid(8757443507c491f4da1257a47feb8f9f) Importer(815301076,1909f56bfc062723c751e8b465ee728b)  -> (artifact id: '12f7cb65086b2d82ef68e4cb7a3d0625') in 0.012562 seconds 
  Import took 0.021106 seconds .

========================================================================
Received Import Request.
  Time since last request: 1.012169 seconds.
  path: Assets/Animations/Enemies/Seashell/SeaShell.controller
  artifactKey: Guid(5f17d25dfa54e6949b5ec1348dd460b0) Importer(815301076,1909f56bfc062723c751e8b465ee728b)
Start importing Assets/Animations/Enemies/Seashell/SeaShell.controller using Guid(5f17d25dfa54e6949b5ec1348dd460b0) Importer(815301076,1909f56bfc062723c751e8b465ee728b)  -> (artifact id: 'df402b1dad84b6b31be0d222d1121e85') in 0.011444 seconds 
  Import took 0.018953 seconds .

========================================================================
Received Import Request.
  Time since last request: 5.707147 seconds.
  path: Assets/Animations/Enemies/Seashell/Seashell.controller
  artifactKey: Guid(5f17d25dfa54e6949b5ec1348dd460b0) Importer(815301076,1909f56bfc062723c751e8b465ee728b)
Start importing Assets/Animations/Enemies/Seashell/Seashell.controller using Guid(5f17d25dfa54e6949b5ec1348dd460b0) Importer(815301076,1909f56bfc062723c751e8b465ee728b)  -> (artifact id: '3ef73ba93653d61bc3f2382a9ed259fd') in 0.003342 seconds 
  Import took 0.009257 seconds .

========================================================================
Received Import Request.
  Time since last request: 180.771684 seconds.
  path: Assets/Animations/Enemies/Seashell/seashell_Open.anim
  artifactKey: Guid(5526e9a13c410d543a0516c4720b224d) Importer(815301076,1909f56bfc062723c751e8b465ee728b)
Start importing Assets/Animations/Enemies/Seashell/seashell_Open.anim using Guid(5526e9a13c410d543a0516c4720b224d) Importer(815301076,1909f56bfc062723c751e8b465ee728b)  -> (artifact id: '5cf89a6fc9cabf23768aabe67ea36d01') in 0.009322 seconds 
  Import took 0.014835 seconds .

========================================================================
Received Import Request.
  Time since last request: 0.007412 seconds.
  path: Assets/Animations/Enemies/Seashell/seashell_Open.anim
  artifactKey: Guid(5526e9a13c410d543a0516c4720b224d) Importer(815301076,1909f56bfc062723c751e8b465ee728b)
Start importing Assets/Animations/Enemies/Seashell/seashell_Open.anim using Guid(5526e9a13c410d543a0516c4720b224d) Importer(815301076,1909f56bfc062723c751e8b465ee728b)  -> (artifact id: '5cf89a6fc9cabf23768aabe67ea36d01') in 0.002717 seconds 
  Import took 0.006941 seconds .

========================================================================
Received Import Request.
  Time since last request: 4.102083 seconds.
  path: Assets/Animations/Enemies/Seashell/Seashell_Hurt.anim
  artifactKey: Guid(e5488a5beabfa65439f55fd2fe9091e7) Importer(815301076,1909f56bfc062723c751e8b465ee728b)
Start importing Assets/Animations/Enemies/Seashell/Seashell_Hurt.anim using Guid(e5488a5beabfa65439f55fd2fe9091e7) Importer(815301076,1909f56bfc062723c751e8b465ee728b)  -> (artifact id: 'ee600f607ee8923a867cae7a42f28b6f') in 0.006528 seconds 
  Import took 0.015728 seconds .

========================================================================
Received Import Request.
  Time since last request: 0.590912 seconds.
  path: Assets/Animations/Enemies/Seashell/Seashell_Fire.anim
  artifactKey: Guid(d2182ff474c4d054f974aeab30213740) Importer(815301076,1909f56bfc062723c751e8b465ee728b)
Start importing Assets/Animations/Enemies/Seashell/Seashell_Fire.anim using Guid(d2182ff474c4d054f974aeab30213740) Importer(815301076,1909f56bfc062723c751e8b465ee728b)  -> (artifact id: 'adc1896f6b563073a4c0b11b47f9a02d') in 0.010616 seconds 
  Import took 0.015938 seconds .

========================================================================
Received Import Request.
  Time since last request: 31.728030 seconds.
  path: Assets/Treasure Hunters/Shooter Traps/Sprites/Seashell/Seashell Opening/1.png
  artifactKey: Guid(fe0a7eaff7f34864c8f91b1d1d4c4980) Importer(815301076,1909f56bfc062723c751e8b465ee728b)
Start importing Assets/Treasure Hunters/Shooter Traps/Sprites/Seashell/Seashell Opening/1.png using Guid(fe0a7eaff7f34864c8f91b1d1d4c4980) Importer(815301076,1909f56bfc062723c751e8b465ee728b)  -> (artifact id: '1d2062aa5ac56673bb4327caaaf6a28b') in 0.008256 seconds 
  Import took 0.012923 seconds .

========================================================================
Received Import Request.
  Time since last request: 0.000281 seconds.
  path: Assets/Treasure Hunters/Shooter Traps/Sprites/Seashell/Seashell Opening/5.png
  artifactKey: Guid(434f39bc22fa42248bea1b75984628be) Importer(815301076,1909f56bfc062723c751e8b465ee728b)
Start importing Assets/Treasure Hunters/Shooter Traps/Sprites/Seashell/Seashell Opening/5.png using Guid(434f39bc22fa42248bea1b75984628be) Importer(815301076,1909f56bfc062723c751e8b465ee728b)  -> (artifact id: 'ebc2f5770696b03606f0725638ddcc0a') in 0.008778 seconds 
  Import took 0.015321 seconds .

========================================================================
Received Import Request.
  Time since last request: 0.000378 seconds.
  path: Assets/Treasure Hunters/Shooter Traps/Sprites/Seashell/Seashell Opening/4.png
  artifactKey: Guid(762f71c335358bd429276d2d73e2edff) Importer(815301076,1909f56bfc062723c751e8b465ee728b)
Start importing Assets/Treasure Hunters/Shooter Traps/Sprites/Seashell/Seashell Opening/4.png using Guid(762f71c335358bd429276d2d73e2edff) Importer(815301076,1909f56bfc062723c751e8b465ee728b)  -> (artifact id: '085401800630b2795096166c915da389') in 0.013640 seconds 
  Import took 0.019320 seconds .

========================================================================
Received Import Request.
  Time since last request: 0.000310 seconds.
  path: Assets/Treasure Hunters/Shooter Traps/Sprites/Seashell/Seashell Opening/2.png
  artifactKey: Guid(530d4f596e4ce724fbe0be3124525a13) Importer(815301076,1909f56bfc062723c751e8b465ee728b)
Start importing Assets/Treasure Hunters/Shooter Traps/Sprites/Seashell/Seashell Opening/2.png using Guid(530d4f596e4ce724fbe0be3124525a13) Importer(815301076,1909f56bfc062723c751e8b465ee728b)  -> (artifact id: '219753dc86336e794798c0163db9e04a') in 0.008854 seconds 
  Import took 0.015696 seconds .

========================================================================
Received Import Request.
  Time since last request: 0.000211 seconds.
  path: Assets/Treasure Hunters/Shooter Traps/Sprites/Seashell/Seashell Opening/3.png
  artifactKey: Guid(7927669a35d86ab4692174de7cbb92fb) Importer(815301076,1909f56bfc062723c751e8b465ee728b)
Start importing Assets/Treasure Hunters/Shooter Traps/Sprites/Seashell/Seashell Opening/3.png using Guid(7927669a35d86ab4692174de7cbb92fb) Importer(815301076,1909f56bfc062723c751e8b465ee728b)  -> (artifact id: '4ac4d0768763c5e1a8c94c972d6404d9') in 0.010831 seconds 
  Import took 0.019564 seconds .

========================================================================
Received Import Request.
  Time since last request: 59.932282 seconds.
  path: Assets/Animations/Player/Player.controller
  artifactKey: Guid(15cbcf199adb2a64abc3c88966ec7ffa) Importer(815301076,1909f56bfc062723c751e8b465ee728b)
Start importing Assets/Animations/Player/Player.controller using Guid(15cbcf199adb2a64abc3c88966ec7ffa) Importer(815301076,1909f56bfc062723c751e8b465ee728b)  -> (artifact id: 'dfb331790d216b49ed9b7d885a97e709') in 0.024584 seconds 
  Import took 0.029420 seconds .

========================================================================
Received Import Request.
  Time since last request: 30.893809 seconds.
  path: Assets/Animations/Player/Player.controller
  artifactKey: Guid(15cbcf199adb2a64abc3c88966ec7ffa) Importer(815301076,1909f56bfc062723c751e8b465ee728b)
Start importing Assets/Animations/Player/Player.controller using Guid(15cbcf199adb2a64abc3c88966ec7ffa) Importer(815301076,1909f56bfc062723c751e8b465ee728b)  -> (artifact id: '49c4509f79b0976846f1d195dabc3686') in 0.008401 seconds 
  Import took 0.013623 seconds .

AssetImportWorkerClient::OnTransportError - code=2 error=End of file
